c:\directx\physicsshot\library\debug\library.pdb
c:\directx\physicsshot\library\debug\library.idb
c:\directx\physicsshot\library\debug\fbx.obj
c:\directx\physicsshot\library\debug\game.obj
c:\directx\physicsshot\library\debug\global.obj
c:\directx\physicsshot\library\debug\inputinterface.obj
c:\directx\physicsshot\library\debug\label.obj
c:\directx\physicsshot\library\debug\light.obj
c:\directx\physicsshot\library\debug\material.obj
c:\directx\physicsshot\library\debug\node.obj
c:\directx\physicsshot\library\debug\physicsbody.obj
c:\directx\physicsshot\library\debug\physicsworld.obj
c:\directx\physicsshot\library\debug\poolmanager.obj
c:\directx\physicsshot\library\debug\pulldown.obj
c:\directx\physicsshot\library\debug\quad.obj
c:\directx\physicsshot\library\debug\ref.obj
c:\directx\physicsshot\library\debug\scene.obj
c:\directx\physicsshot\library\debug\scheduler.obj
c:\directx\physicsshot\library\debug\sprite.obj
c:\directx\physicsshot\library\debug\togglebutton.obj
c:\directx\physicsshot\library\debug\touchlistener.obj
c:\directx\physicsshot\library\debug\transform.obj
c:\directx\physicsshot\library\debug\colorline.obj
c:\directx\physicsshot\library\debug\mydebugdraw.obj
c:\directx\physicsshot\library\debug\camera.obj
c:\directx\physicsshot\library\debug\classseries.obj
c:\directx\physicsshot\library\debug\commponent.obj
c:\directx\physicsshot\library\debug\debugscene.obj
c:\directx\physicsshot\library\debug\draw3dnode.obj
c:\directx\physicsshot\library\debug\eventdispatcher.obj
c:\directx\physicsshot\debug\library.lib
c:\directx\physicsshot\library\debug\library.res
c:\directx\physicsshot\debug\library.pdb
c:\directx\physicsshot\library\debug\library.tlog\cl.command.1.tlog
c:\directx\physicsshot\library\debug\library.tlog\cl.read.1.tlog
c:\directx\physicsshot\library\debug\library.tlog\cl.write.1.tlog
c:\directx\physicsshot\library\debug\library.tlog\lib-link-cvtres.read.1.tlog
c:\directx\physicsshot\library\debug\library.tlog\lib-link-cvtres.write.1.tlog
c:\directx\physicsshot\library\debug\library.tlog\lib.command.1.tlog
c:\directx\physicsshot\library\debug\library.tlog\rc.command.1.tlog
c:\directx\physicsshot\library\debug\library.tlog\rc.read.1.tlog
c:\directx\physicsshot\library\debug\library.tlog\rc.write.1.tlog
